<?xml version="1.0" encoding="UTF-8"?>
<testsuite name="com.study.springboot.web.IndexControllerTest" tests="1" skipped="0" failures="0" errors="0" timestamp="2022-01-06T08:29:05" hostname="DESKTOP-R7KIIJG" time="0.138">
  <properties/>
  <testcase name="mainPage_loading" classname="com.study.springboot.web.IndexControllerTest" time="0.138"/>
  <system-out><![CDATA[2022-01-06 17:29:05.927  INFO 23480 --- [    Test worker] .b.t.c.SpringBootTestContextBootstrapper : Neither @ContextConfiguration nor @ContextHierarchy found for test class [com.study.springboot.web.IndexControllerTest], using SpringBootContextLoader
2022-01-06 17:29:05.928  INFO 23480 --- [    Test worker] o.s.t.c.support.AbstractContextLoader    : Could not detect default resource locations for test class [com.study.springboot.web.IndexControllerTest]: no resource found for suffixes {-context.xml, Context.groovy}.
2022-01-06 17:29:05.928  INFO 23480 --- [    Test worker] t.c.s.AnnotationConfigContextLoaderUtils : Could not detect default configuration classes for test class [com.study.springboot.web.IndexControllerTest]: IndexControllerTest does not declare any static, non-private, non-final, nested classes annotated with @Configuration.
2022-01-06 17:29:05.929  INFO 23480 --- [    Test worker] .b.t.c.SpringBootTestContextBootstrapper : Found @SpringBootConfiguration com.study.springboot.Application for test class com.study.springboot.web.IndexControllerTest
2022-01-06 17:29:05.930  INFO 23480 --- [    Test worker] .b.t.c.SpringBootTestContextBootstrapper : Loaded default TestExecutionListener class names from location [META-INF/spring.factories]: [org.springframework.security.test.context.support.WithSecurityContextTestExecutionListener, org.springframework.security.test.context.support.ReactorContextTestExecutionListener, org.springframework.boot.test.autoconfigure.restdocs.RestDocsTestExecutionListener, org.springframework.boot.test.autoconfigure.web.client.MockRestServiceServerResetTestExecutionListener, org.springframework.boot.test.autoconfigure.web.servlet.MockMvcPrintOnlyOnFailureTestExecutionListener, org.springframework.boot.test.autoconfigure.web.servlet.WebDriverTestExecutionListener, org.springframework.boot.test.mock.mockito.MockitoTestExecutionListener, org.springframework.boot.test.mock.mockito.ResetMocksTestExecutionListener, org.springframework.test.context.web.ServletTestExecutionListener, org.springframework.test.context.support.DirtiesContextBeforeModesTestExecutionListener, org.springframework.test.context.support.DependencyInjectionTestExecutionListener, org.springframework.test.context.support.DirtiesContextTestExecutionListener, org.springframework.test.context.transaction.TransactionalTestExecutionListener, org.springframework.test.context.jdbc.SqlScriptsTestExecutionListener]
2022-01-06 17:29:05.931  INFO 23480 --- [    Test worker] .b.t.c.SpringBootTestContextBootstrapper : Using TestExecutionListeners: [org.springframework.test.context.web.ServletTestExecutionListener@439868fd, org.springframework.test.context.support.DirtiesContextBeforeModesTestExecutionListener@a5cf9a6, org.springframework.boot.test.mock.mockito.MockitoTestExecutionListener@2a098f32, org.springframework.boot.test.autoconfigure.SpringBootDependencyInjectionTestExecutionListener@1148d995, org.springframework.test.context.support.DirtiesContextTestExecutionListener@119784c1, org.springframework.test.context.transaction.TransactionalTestExecutionListener@7cebde9c, org.springframework.test.context.jdbc.SqlScriptsTestExecutionListener@1afdae2c, org.springframework.security.test.context.support.WithSecurityContextTestExecutionListener@4d2e4897, org.springframework.security.test.context.support.ReactorContextTestExecutionListener@60326c7f, org.springframework.boot.test.autoconfigure.restdocs.RestDocsTestExecutionListener@428f41db, org.springframework.boot.test.autoconfigure.web.client.MockRestServiceServerResetTestExecutionListener@35741b68, org.springframework.boot.test.autoconfigure.web.servlet.MockMvcPrintOnlyOnFailureTestExecutionListener@aa197a1, org.springframework.boot.test.autoconfigure.web.servlet.WebDriverTestExecutionListener@7903531e, org.springframework.boot.test.mock.mockito.ResetMocksTestExecutionListener@413a547c]
2022-01-06 17:29:06.007  INFO 23480 --- [o-auto-1-exec-1] o.a.c.c.C.[Tomcat].[localhost].[/]       : Initializing Spring DispatcherServlet 'dispatcherServlet'
2022-01-06 17:29:06.007  INFO 23480 --- [o-auto-1-exec-1] o.s.web.servlet.DispatcherServlet        : Initializing Servlet 'dispatcherServlet'
2022-01-06 17:29:06.009  INFO 23480 --- [o-auto-1-exec-1] o.s.web.servlet.DispatcherServlet        : Completed initialization in 2 ms
Hibernate: select posts0_.id as id1_0_, posts0_.created_date as created_2_0_, posts0_.modified_date as modified3_0_, posts0_.author as author4_0_, posts0_.content as content5_0_, posts0_.title as title6_0_ from posts posts0_ order by posts0_.id DESC
]]></system-out>
  <system-err><![CDATA[]]></system-err>
</testsuite>
