<?xml version="1.0" encoding="UTF-8"?>
<testsuite name="com.study.springboot.domain.posts.PostsRepositoryTest" tests="1" skipped="0" failures="0" errors="0" timestamp="2022-01-06T15:38:33" hostname="DESKTOP-R7KIIJG" time="0.154">
  <properties/>
  <testcase name="PostsRepositoryCall" classname="com.study.springboot.domain.posts.PostsRepositoryTest" time="0.154"/>
  <system-out><![CDATA[2022-01-07 00:38:29.535  INFO 4936 --- [    Test worker] .b.t.c.SpringBootTestContextBootstrapper : Neither @ContextConfiguration nor @ContextHierarchy found for test class [com.study.springboot.domain.posts.PostsRepositoryTest], using SpringBootContextLoader
2022-01-07 00:38:29.536  INFO 4936 --- [    Test worker] o.s.t.c.support.AbstractContextLoader    : Could not detect default resource locations for test class [com.study.springboot.domain.posts.PostsRepositoryTest]: no resource found for suffixes {-context.xml, Context.groovy}.
2022-01-07 00:38:29.536  INFO 4936 --- [    Test worker] t.c.s.AnnotationConfigContextLoaderUtils : Could not detect default configuration classes for test class [com.study.springboot.domain.posts.PostsRepositoryTest]: PostsRepositoryTest does not declare any static, non-private, non-final, nested classes annotated with @Configuration.
2022-01-07 00:38:29.546  INFO 4936 --- [    Test worker] .b.t.c.SpringBootTestContextBootstrapper : Found @SpringBootConfiguration com.study.springboot.Application for test class com.study.springboot.domain.posts.PostsRepositoryTest
2022-01-07 00:38:29.548  INFO 4936 --- [    Test worker] .b.t.c.SpringBootTestContextBootstrapper : Loaded default TestExecutionListener class names from location [META-INF/spring.factories]: [org.springframework.security.test.context.support.WithSecurityContextTestExecutionListener, org.springframework.security.test.context.support.ReactorContextTestExecutionListener, org.springframework.boot.test.autoconfigure.restdocs.RestDocsTestExecutionListener, org.springframework.boot.test.autoconfigure.web.client.MockRestServiceServerResetTestExecutionListener, org.springframework.boot.test.autoconfigure.web.servlet.MockMvcPrintOnlyOnFailureTestExecutionListener, org.springframework.boot.test.autoconfigure.web.servlet.WebDriverTestExecutionListener, org.springframework.boot.test.mock.mockito.MockitoTestExecutionListener, org.springframework.boot.test.mock.mockito.ResetMocksTestExecutionListener, org.springframework.test.context.web.ServletTestExecutionListener, org.springframework.test.context.support.DirtiesContextBeforeModesTestExecutionListener, org.springframework.test.context.support.DependencyInjectionTestExecutionListener, org.springframework.test.context.support.DirtiesContextTestExecutionListener, org.springframework.test.context.transaction.TransactionalTestExecutionListener, org.springframework.test.context.jdbc.SqlScriptsTestExecutionListener]
2022-01-07 00:38:29.549  INFO 4936 --- [    Test worker] .b.t.c.SpringBootTestContextBootstrapper : Using TestExecutionListeners: [org.springframework.test.context.web.ServletTestExecutionListener@307262bd, org.springframework.test.context.support.DirtiesContextBeforeModesTestExecutionListener@2b727054, org.springframework.boot.test.mock.mockito.MockitoTestExecutionListener@2fae2459, org.springframework.boot.test.autoconfigure.SpringBootDependencyInjectionTestExecutionListener@e24985b, org.springframework.test.context.support.DirtiesContextTestExecutionListener@2d6074a8, org.springframework.test.context.transaction.TransactionalTestExecutionListener@15a85180, org.springframework.test.context.jdbc.SqlScriptsTestExecutionListener@4bfa3380, org.springframework.security.test.context.support.WithSecurityContextTestExecutionListener@61368ce4, org.springframework.security.test.context.support.ReactorContextTestExecutionListener@4fdd615e, org.springframework.boot.test.autoconfigure.restdocs.RestDocsTestExecutionListener@18ae0d74, org.springframework.boot.test.autoconfigure.web.client.MockRestServiceServerResetTestExecutionListener@2d24bd2, org.springframework.boot.test.autoconfigure.web.servlet.MockMvcPrintOnlyOnFailureTestExecutionListener@57d6a6c0, org.springframework.boot.test.autoconfigure.web.servlet.WebDriverTestExecutionListener@7325faf5, org.springframework.boot.test.mock.mockito.ResetMocksTestExecutionListener@1b088c48]

  .   ____          _            __ _ _
 /\\ / ___'_ __ _ _(_)_ __  __ _ \ \ \ \
( ( )\___ | '_ | '_| | '_ \/ _` | \ \ \ \
 \\/  ___)| |_)| | | | | || (_| |  ) ) ) )
  '  |____| .__|_| |_|_| |_\__, | / / / /
 =========|_|==============|___/=/_/_/_/
 :: Spring Boot ::        (v2.1.9.RELEASE)

2022-01-07 00:38:29.586  INFO 4936 --- [    Test worker] c.s.s.domain.posts.PostsRepositoryTest   : Starting PostsRepositoryTest on DESKTOP-R7KIIJG with PID 4936 (started by user in C:\study)
2022-01-07 00:38:29.586  INFO 4936 --- [    Test worker] c.s.s.domain.posts.PostsRepositoryTest   : The following profiles are active: oauth
2022-01-07 00:38:29.899  INFO 4936 --- [    Test worker] .s.d.r.c.RepositoryConfigurationDelegate : Bootstrapping Spring Data repositories in DEFAULT mode.
2022-01-07 00:38:29.966  INFO 4936 --- [    Test worker] .s.d.r.c.RepositoryConfigurationDelegate : Finished Spring Data repository scanning in 60ms. Found 2 repository interfaces.
2022-01-07 00:38:30.202  INFO 4936 --- [    Test worker] trationDelegate$BeanPostProcessorChecker : Bean 'org.springframework.transaction.annotation.ProxyTransactionManagementConfiguration' of type [org.springframework.transaction.annotation.ProxyTransactionManagementConfiguration$$EnhancerBySpringCGLIB$$3ead1fc7] is not eligible for getting processed by all BeanPostProcessors (for example: not eligible for auto-proxying)
2022-01-07 00:38:30.340  INFO 4936 --- [    Test worker] com.zaxxer.hikari.HikariDataSource       : HikariPool-1 - Starting...
2022-01-07 00:38:30.476  INFO 4936 --- [    Test worker] com.zaxxer.hikari.HikariDataSource       : HikariPool-1 - Start completed.
2022-01-07 00:38:30.557  INFO 4936 --- [    Test worker] o.hibernate.jpa.internal.util.LogHelper  : HHH000204: Processing PersistenceUnitInfo [
	name: default
	...]
2022-01-07 00:38:30.630  INFO 4936 --- [    Test worker] org.hibernate.Version                    : HHH000412: Hibernate Core {5.3.12.Final}
2022-01-07 00:38:30.632  INFO 4936 --- [    Test worker] org.hibernate.cfg.Environment            : HHH000206: hibernate.properties not found
2022-01-07 00:38:30.701  INFO 4936 --- [    Test worker] o.hibernate.annotations.common.Version   : HCANN000001: Hibernate Commons Annotations {5.0.4.Final}
2022-01-07 00:38:30.867  INFO 4936 --- [    Test worker] org.hibernate.dialect.Dialect            : HHH000400: Using dialect: org.hibernate.dialect.MySQL5InnoDBDialect
Hibernate: drop table if exists posts
Hibernate: drop table if exists user
Hibernate: create table posts (id bigint not null auto_increment, created_date datetime, modified_date datetime, author varchar(255), content TEXT not null, title varchar(500) not null, primary key (id)) engine=InnoDB
Hibernate: create table user (id bigint not null auto_increment, created_date datetime, modified_date datetime, email varchar(255) not null, name varchar(255) not null, picture varchar(255), role varchar(255) not null, primary key (id)) engine=InnoDB
2022-01-07 00:38:31.677  INFO 4936 --- [    Test worker] o.h.t.schema.internal.SchemaCreatorImpl  : HHH000476: Executing import script 'org.hibernate.tool.schema.internal.exec.ScriptSourceInputNonExistentImpl@5b4624d8'
2022-01-07 00:38:31.680  INFO 4936 --- [    Test worker] j.LocalContainerEntityManagerFactoryBean : Initialized JPA EntityManagerFactory for persistence unit 'default'
2022-01-07 00:38:32.138  INFO 4936 --- [    Test worker] o.h.h.i.QueryTranslatorFactoryInitiator  : HHH000397: Using ASTQueryTranslatorFactory
2022-01-07 00:38:32.431  INFO 4936 --- [    Test worker] o.s.s.web.DefaultSecurityFilterChain     : Creating filter chain: any request, [org.springframework.security.web.context.request.async.WebAsyncManagerIntegrationFilter@1ae83e05, org.springframework.security.web.context.SecurityContextPersistenceFilter@5d166bb1, org.springframework.security.web.header.HeaderWriterFilter@25be7d9c, org.springframework.security.web.authentication.logout.LogoutFilter@f52a531, org.springframework.security.oauth2.client.web.OAuth2AuthorizationRequestRedirectFilter@6856009a, org.springframework.security.oauth2.client.web.OAuth2LoginAuthenticationFilter@161678c0, org.springframework.security.web.authentication.ui.DefaultLoginPageGeneratingFilter@6177014d, org.springframework.security.web.authentication.ui.DefaultLogoutPageGeneratingFilter@78662410, org.springframework.security.web.savedrequest.RequestCacheAwareFilter@5cadf59f, org.springframework.security.web.servletapi.SecurityContextHolderAwareRequestFilter@a29210b, org.springframework.security.web.authentication.AnonymousAuthenticationFilter@5d9393a4, org.springframework.security.web.session.SessionManagementFilter@4655ac17, org.springframework.security.web.access.ExceptionTranslationFilter@3c87a7b3, org.springframework.security.web.access.intercept.FilterSecurityInterceptor@3f662a63]
2022-01-07 00:38:32.724  INFO 4936 --- [    Test worker] o.s.s.concurrent.ThreadPoolTaskExecutor  : Initializing ExecutorService 'applicationTaskExecutor'
2022-01-07 00:38:32.738  WARN 4936 --- [    Test worker] aWebConfiguration$JpaWebMvcConfiguration : spring.jpa.open-in-view is enabled by default. Therefore, database queries may be performed during view rendering. Explicitly configure spring.jpa.open-in-view to disable this warning
2022-01-07 00:38:32.762  INFO 4936 --- [    Test worker] o.s.b.a.w.s.WelcomePageHandlerMapping    : Adding welcome page template: index
2022-01-07 00:38:33.156  INFO 4936 --- [    Test worker] s.a.ScheduledAnnotationBeanPostProcessor : No TaskScheduler/ScheduledExecutorService bean found for scheduled processing
2022-01-07 00:38:33.162  INFO 4936 --- [    Test worker] c.s.s.domain.posts.PostsRepositoryTest   : Started PostsRepositoryTest in 3.611 seconds (JVM running for 7.101)
Hibernate: insert into posts (created_date, modified_date, author, content, title) values (?, ?, ?, ?, ?)
Hibernate: select posts0_.id as id1_0_, posts0_.created_date as created_2_0_, posts0_.modified_date as modified3_0_, posts0_.author as author4_0_, posts0_.content as content5_0_, posts0_.title as title6_0_ from posts posts0_
Hibernate: select posts0_.id as id1_0_, posts0_.created_date as created_2_0_, posts0_.modified_date as modified3_0_, posts0_.author as author4_0_, posts0_.content as content5_0_, posts0_.title as title6_0_ from posts posts0_
Hibernate: delete from posts where id=?
]]></system-out>
  <system-err><![CDATA[]]></system-err>
</testsuite>
