<?xml version="1.0" encoding="UTF-8"?>
<testsuite name="com.study.springboot.web.dto.HelloResponseStoTest" tests="1" skipped="0" failures="0" errors="0" timestamp="2022-01-06T08:29:05" hostname="DESKTOP-R7KIIJG" time="0.002">
  <properties/>
  <testcase name="lombok_test" classname="com.study.springboot.web.dto.HelloResponseStoTest" time="0.002"/>
  <system-out><![CDATA[]]></system-out>
  <system-err><![CDATA[]]></system-err>
</testsuite>
