<?xml version="1.0" encoding="UTF-8"?>
<testsuite name="com.study.springboot.web.HelloControllerTest" tests="2" skipped="0" failures="0" errors="0" timestamp="2022-01-06T15:38:29" hostname="DESKTOP-R7KIIJG" time="0.282">
  <properties/>
  <testcase name="helloDto_return" classname="com.study.springboot.web.HelloControllerTest" time="0.273"/>
  <testcase name="hello_return" classname="com.study.springboot.web.HelloControllerTest" time="0.008"/>
  <system-out><![CDATA[00:38:27.061 [Test worker] DEBUG org.springframework.test.context.junit4.SpringJUnit4ClassRunner - SpringJUnit4ClassRunner constructor called with [class com.study.springboot.web.HelloControllerTest]
00:38:27.067 [Test worker] DEBUG org.springframework.test.context.BootstrapUtils - Instantiating CacheAwareContextLoaderDelegate from class [org.springframework.test.context.cache.DefaultCacheAwareContextLoaderDelegate]
00:38:27.074 [Test worker] DEBUG org.springframework.test.context.BootstrapUtils - Instantiating BootstrapContext using constructor [public org.springframework.test.context.support.DefaultBootstrapContext(java.lang.Class,org.springframework.test.context.CacheAwareContextLoaderDelegate)]
00:38:27.089 [Test worker] DEBUG org.springframework.test.context.BootstrapUtils - Instantiating TestContextBootstrapper for test class [com.study.springboot.web.HelloControllerTest] from class [org.springframework.boot.test.autoconfigure.web.servlet.WebMvcTestContextBootstrapper]
00:38:27.104 [Test worker] INFO org.springframework.boot.test.autoconfigure.web.servlet.WebMvcTestContextBootstrapper - Neither @ContextConfiguration nor @ContextHierarchy found for test class [com.study.springboot.web.HelloControllerTest], using SpringBootContextLoader
00:38:27.106 [Test worker] DEBUG org.springframework.test.context.support.AbstractContextLoader - Did not detect default resource location for test class [com.study.springboot.web.HelloControllerTest]: class path resource [com/study/springboot/web/HelloControllerTest-context.xml] does not exist
00:38:27.107 [Test worker] DEBUG org.springframework.test.context.support.AbstractContextLoader - Did not detect default resource location for test class [com.study.springboot.web.HelloControllerTest]: class path resource [com/study/springboot/web/HelloControllerTestContext.groovy] does not exist
00:38:27.107 [Test worker] INFO org.springframework.test.context.support.AbstractContextLoader - Could not detect default resource locations for test class [com.study.springboot.web.HelloControllerTest]: no resource found for suffixes {-context.xml, Context.groovy}.
00:38:27.107 [Test worker] INFO org.springframework.test.context.support.AnnotationConfigContextLoaderUtils - Could not detect default configuration classes for test class [com.study.springboot.web.HelloControllerTest]: HelloControllerTest does not declare any static, non-private, non-final, nested classes annotated with @Configuration.
00:38:27.160 [Test worker] DEBUG org.springframework.test.context.support.ActiveProfilesUtils - Could not find an 'annotation declaring class' for annotation type [org.springframework.test.context.ActiveProfiles] and class [com.study.springboot.web.HelloControllerTest]
00:38:27.219 [Test worker] DEBUG org.springframework.context.annotation.ClassPathScanningCandidateComponentProvider - Identified candidate component class: file [C:\study\build\classes\java\main\com\study\springboot\Application.class]
00:38:27.220 [Test worker] INFO org.springframework.boot.test.context.SpringBootTestContextBootstrapper - Found @SpringBootConfiguration com.study.springboot.Application for test class com.study.springboot.web.HelloControllerTest
00:38:27.222 [Test worker] DEBUG org.springframework.boot.test.autoconfigure.web.servlet.WebMvcTestContextBootstrapper - @TestExecutionListeners is not present for class [com.study.springboot.web.HelloControllerTest]: using defaults.
00:38:27.222 [Test worker] INFO org.springframework.boot.test.autoconfigure.web.servlet.WebMvcTestContextBootstrapper - Loaded default TestExecutionListener class names from location [META-INF/spring.factories]: [org.springframework.security.test.context.support.WithSecurityContextTestExecutionListener, org.springframework.security.test.context.support.ReactorContextTestExecutionListener, org.springframework.boot.test.autoconfigure.restdocs.RestDocsTestExecutionListener, org.springframework.boot.test.autoconfigure.web.client.MockRestServiceServerResetTestExecutionListener, org.springframework.boot.test.autoconfigure.web.servlet.MockMvcPrintOnlyOnFailureTestExecutionListener, org.springframework.boot.test.autoconfigure.web.servlet.WebDriverTestExecutionListener, org.springframework.boot.test.mock.mockito.MockitoTestExecutionListener, org.springframework.boot.test.mock.mockito.ResetMocksTestExecutionListener, org.springframework.test.context.web.ServletTestExecutionListener, org.springframework.test.context.support.DirtiesContextBeforeModesTestExecutionListener, org.springframework.test.context.support.DependencyInjectionTestExecutionListener, org.springframework.test.context.support.DirtiesContextTestExecutionListener, org.springframework.test.context.transaction.TransactionalTestExecutionListener, org.springframework.test.context.jdbc.SqlScriptsTestExecutionListener]
00:38:27.240 [Test worker] INFO org.springframework.boot.test.autoconfigure.web.servlet.WebMvcTestContextBootstrapper - Using TestExecutionListeners: [org.springframework.test.context.web.ServletTestExecutionListener@2b78f625, org.springframework.test.context.support.DirtiesContextBeforeModesTestExecutionListener@58dd3156, org.springframework.boot.test.mock.mockito.MockitoTestExecutionListener@1ad8697d, org.springframework.boot.test.autoconfigure.SpringBootDependencyInjectionTestExecutionListener@5dc1995a, org.springframework.test.context.support.DirtiesContextTestExecutionListener@31649519, org.springframework.test.context.transaction.TransactionalTestExecutionListener@8255e2, org.springframework.test.context.jdbc.SqlScriptsTestExecutionListener@5948470e, org.springframework.security.test.context.support.WithSecurityContextTestExecutionListener@8920e34, org.springframework.security.test.context.support.ReactorContextTestExecutionListener@1dcb8e62, org.springframework.boot.test.autoconfigure.restdocs.RestDocsTestExecutionListener@ff4e57c, org.springframework.boot.test.autoconfigure.web.client.MockRestServiceServerResetTestExecutionListener@149fa3bb, org.springframework.boot.test.autoconfigure.web.servlet.MockMvcPrintOnlyOnFailureTestExecutionListener@c64ecb2, org.springframework.boot.test.autoconfigure.web.servlet.WebDriverTestExecutionListener@4d9dcbc2, org.springframework.boot.test.mock.mockito.ResetMocksTestExecutionListener@65ea1808]
00:38:27.242 [Test worker] DEBUG org.springframework.test.annotation.ProfileValueUtils - Retrieved @ProfileValueSourceConfiguration [null] for test class [com.study.springboot.web.HelloControllerTest]
00:38:27.243 [Test worker] DEBUG org.springframework.test.annotation.ProfileValueUtils - Retrieved ProfileValueSource type [class org.springframework.test.annotation.SystemProfileValueSource] for class [com.study.springboot.web.HelloControllerTest]
00:38:27.243 [Test worker] DEBUG org.springframework.test.annotation.ProfileValueUtils - Retrieved @ProfileValueSourceConfiguration [null] for test class [com.study.springboot.web.HelloControllerTest]
00:38:27.243 [Test worker] DEBUG org.springframework.test.annotation.ProfileValueUtils - Retrieved ProfileValueSource type [class org.springframework.test.annotation.SystemProfileValueSource] for class [com.study.springboot.web.HelloControllerTest]
00:38:27.247 [Test worker] DEBUG org.springframework.test.context.support.AbstractDirtiesContextTestExecutionListener - Before test class: context [DefaultTestContext@345b35e5 testClass = HelloControllerTest, testInstance = [null], testMethod = [null], testException = [null], mergedContextConfiguration = [WebMergedContextConfiguration@3cd81d61 testClass = HelloControllerTest, locations = '{}', classes = '{class com.study.springboot.Application}', contextInitializerClasses = '[]', activeProfiles = '{}', propertySourceLocations = '{}', propertySourceProperties = '{org.springframework.boot.test.autoconfigure.web.servlet.WebMvcTestContextBootstrapper=true}', contextCustomizers = set[org.springframework.boot.test.autoconfigure.OverrideAutoConfigurationContextCustomizerFactory$DisableAutoConfigurationContextCustomizer@656737e3, org.springframework.boot.test.autoconfigure.filter.TypeExcludeFiltersContextCustomizer@9d465dce, org.springframework.boot.test.autoconfigure.properties.PropertyMappingContextCustomizer@cfae8a5c, org.springframework.boot.test.autoconfigure.web.servlet.WebDriverContextCustomizerFactory$Customizer@68cd57bd, [ImportsContextCustomizer@265540dc key = [org.springframework.boot.autoconfigure.cache.CacheAutoConfiguration, org.springframework.boot.autoconfigure.context.MessageSourceAutoConfiguration, org.springframework.boot.autoconfigure.data.web.SpringDataWebAutoConfiguration, org.springframework.boot.autoconfigure.freemarker.FreeMarkerAutoConfiguration, org.springframework.boot.autoconfigure.groovy.template.GroovyTemplateAutoConfiguration, org.springframework.boot.autoconfigure.gson.GsonAutoConfiguration, org.springframework.boot.autoconfigure.hateoas.HypermediaAutoConfiguration, org.springframework.boot.autoconfigure.http.HttpMessageConvertersAutoConfiguration, org.springframework.boot.autoconfigure.jackson.JacksonAutoConfiguration, org.springframework.boot.autoconfigure.jsonb.JsonbAutoConfiguration, org.springframework.boot.autoconfigure.mustache.MustacheAutoConfiguration, org.springframework.boot.autoconfigure.task.TaskExecutionAutoConfiguration, org.springframework.boot.autoconfigure.thymeleaf.ThymeleafAutoConfiguration, org.springframework.boot.autoconfigure.validation.ValidationAutoConfiguration, org.springframework.boot.autoconfigure.web.servlet.error.ErrorMvcAutoConfiguration, org.springframework.boot.autoconfigure.web.servlet.WebMvcAutoConfiguration, org.springframework.boot.test.autoconfigure.web.servlet.MockMvcAutoConfiguration, org.springframework.boot.test.autoconfigure.web.servlet.MockMvcSecurityAutoConfiguration, org.springframework.boot.test.autoconfigure.web.servlet.MockMvcWebClientAutoConfiguration, org.springframework.boot.test.autoconfigure.web.servlet.MockMvcWebDriverAutoConfiguration]], org.springframework.boot.test.context.filter.ExcludeFilterContextCustomizer@18792f03, org.springframework.boot.test.json.DuplicateJsonObjectContextCustomizerFactory$DuplicateJsonObjectContextCustomizer@dd0bcf6, org.springframework.boot.test.mock.mockito.MockitoContextCustomizer@0], resourceBasePath = 'src/main/webapp', contextLoader = 'org.springframework.boot.test.context.SpringBootContextLoader', parent = [null]], attributes = map[[empty]]], class annotated with @DirtiesContext [false] with mode [null].
00:38:27.249 [Test worker] DEBUG org.springframework.test.annotation.ProfileValueUtils - Retrieved @ProfileValueSourceConfiguration [null] for test class [com.study.springboot.web.HelloControllerTest]
00:38:27.249 [Test worker] DEBUG org.springframework.test.annotation.ProfileValueUtils - Retrieved ProfileValueSource type [class org.springframework.test.annotation.SystemProfileValueSource] for class [com.study.springboot.web.HelloControllerTest]
00:38:27.252 [Test worker] DEBUG org.springframework.test.context.support.DependencyInjectionTestExecutionListener - Performing dependency injection for test context [[DefaultTestContext@345b35e5 testClass = HelloControllerTest, testInstance = com.study.springboot.web.HelloControllerTest@3db00d29, testMethod = [null], testException = [null], mergedContextConfiguration = [WebMergedContextConfiguration@3cd81d61 testClass = HelloControllerTest, locations = '{}', classes = '{class com.study.springboot.Application}', contextInitializerClasses = '[]', activeProfiles = '{}', propertySourceLocations = '{}', propertySourceProperties = '{org.springframework.boot.test.autoconfigure.web.servlet.WebMvcTestContextBootstrapper=true}', contextCustomizers = set[org.springframework.boot.test.autoconfigure.OverrideAutoConfigurationContextCustomizerFactory$DisableAutoConfigurationContextCustomizer@656737e3, org.springframework.boot.test.autoconfigure.filter.TypeExcludeFiltersContextCustomizer@9d465dce, org.springframework.boot.test.autoconfigure.properties.PropertyMappingContextCustomizer@cfae8a5c, org.springframework.boot.test.autoconfigure.web.servlet.WebDriverContextCustomizerFactory$Customizer@68cd57bd, [ImportsContextCustomizer@265540dc key = [org.springframework.boot.autoconfigure.cache.CacheAutoConfiguration, org.springframework.boot.autoconfigure.context.MessageSourceAutoConfiguration, org.springframework.boot.autoconfigure.data.web.SpringDataWebAutoConfiguration, org.springframework.boot.autoconfigure.freemarker.FreeMarkerAutoConfiguration, org.springframework.boot.autoconfigure.groovy.template.GroovyTemplateAutoConfiguration, org.springframework.boot.autoconfigure.gson.GsonAutoConfiguration, org.springframework.boot.autoconfigure.hateoas.HypermediaAutoConfiguration, org.springframework.boot.autoconfigure.http.HttpMessageConvertersAutoConfiguration, org.springframework.boot.autoconfigure.jackson.JacksonAutoConfiguration, org.springframework.boot.autoconfigure.jsonb.JsonbAutoConfiguration, org.springframework.boot.autoconfigure.mustache.MustacheAutoConfiguration, org.springframework.boot.autoconfigure.task.TaskExecutionAutoConfiguration, org.springframework.boot.autoconfigure.thymeleaf.ThymeleafAutoConfiguration, org.springframework.boot.autoconfigure.validation.ValidationAutoConfiguration, org.springframework.boot.autoconfigure.web.servlet.error.ErrorMvcAutoConfiguration, org.springframework.boot.autoconfigure.web.servlet.WebMvcAutoConfiguration, org.springframework.boot.test.autoconfigure.web.servlet.MockMvcAutoConfiguration, org.springframework.boot.test.autoconfigure.web.servlet.MockMvcSecurityAutoConfiguration, org.springframework.boot.test.autoconfigure.web.servlet.MockMvcWebClientAutoConfiguration, org.springframework.boot.test.autoconfigure.web.servlet.MockMvcWebDriverAutoConfiguration]], org.springframework.boot.test.context.filter.ExcludeFilterContextCustomizer@18792f03, org.springframework.boot.test.json.DuplicateJsonObjectContextCustomizerFactory$DuplicateJsonObjectContextCustomizer@dd0bcf6, org.springframework.boot.test.mock.mockito.MockitoContextCustomizer@0], resourceBasePath = 'src/main/webapp', contextLoader = 'org.springframework.boot.test.context.SpringBootContextLoader', parent = [null]], attributes = map[[empty]]]].
00:38:27.350 [Test worker] DEBUG org.springframework.test.context.support.TestPropertySourceUtils - Adding inlined properties to environment: {spring.jmx.enabled=false, org.springframework.boot.test.autoconfigure.web.servlet.WebMvcTestContextBootstrapper=true, server.port=-1}

  .   ____          _            __ _ _
 /\\ / ___'_ __ _ _(_)_ __  __ _ \ \ \ \
( ( )\___ | '_ | '_| | '_ \/ _` | \ \ \ \
 \\/  ___)| |_)| | | | | || (_| |  ) ) ) )
  '  |____| .__|_| |_|_| |_\__, | / / / /
 =========|_|==============|___/=/_/_/_/
 :: Spring Boot ::        (v2.1.9.RELEASE)

2022-01-07 00:38:27.579  INFO 4936 --- [    Test worker] c.s.springboot.web.HelloControllerTest   : Starting HelloControllerTest on DESKTOP-R7KIIJG with PID 4936 (started by user in C:\study)
2022-01-07 00:38:27.580  INFO 4936 --- [    Test worker] c.s.springboot.web.HelloControllerTest   : The following profiles are active: oauth
2022-01-07 00:38:28.607  INFO 4936 --- [    Test worker] o.s.s.concurrent.ThreadPoolTaskExecutor  : Initializing ExecutorService 'applicationTaskExecutor'
2022-01-07 00:38:28.678  INFO 4936 --- [    Test worker] o.s.b.a.w.s.WelcomePageHandlerMapping    : Adding welcome page template: index
2022-01-07 00:38:28.980  INFO 4936 --- [    Test worker] .s.s.UserDetailsServiceAutoConfiguration : 

Using generated security password: ce756f00-8f97-40d4-adcb-15b4c0802b0e

2022-01-07 00:38:29.154  INFO 4936 --- [    Test worker] o.s.s.web.DefaultSecurityFilterChain     : Creating filter chain: any request, [org.springframework.security.web.context.request.async.WebAsyncManagerIntegrationFilter@49d30277, org.springframework.security.web.context.SecurityContextPersistenceFilter@72332c8d, org.springframework.security.web.header.HeaderWriterFilter@77690ed3, org.springframework.security.web.csrf.CsrfFilter@7a9cf914, org.springframework.security.web.authentication.logout.LogoutFilter@214cbb8d, org.springframework.security.web.authentication.UsernamePasswordAuthenticationFilter@4e69c619, org.springframework.security.web.authentication.ui.DefaultLoginPageGeneratingFilter@45b9fcde, org.springframework.security.web.authentication.ui.DefaultLogoutPageGeneratingFilter@39d8b638, org.springframework.security.web.authentication.www.BasicAuthenticationFilter@2cc84f2a, org.springframework.security.web.savedrequest.RequestCacheAwareFilter@4051020d, org.springframework.security.web.servletapi.SecurityContextHolderAwareRequestFilter@5c9a2f91, org.springframework.security.web.authentication.AnonymousAuthenticationFilter@5c684fea, org.springframework.security.web.session.SessionManagementFilter@4aa9757, org.springframework.security.web.access.ExceptionTranslationFilter@57611fde, org.springframework.security.web.access.intercept.FilterSecurityInterceptor@1535084b]
2022-01-07 00:38:29.192  INFO 4936 --- [    Test worker] o.s.b.t.m.w.SpringBootMockServletContext : Initializing Spring TestDispatcherServlet ''
2022-01-07 00:38:29.192  INFO 4936 --- [    Test worker] o.s.t.web.servlet.TestDispatcherServlet  : Initializing Servlet ''
2022-01-07 00:38:29.203  INFO 4936 --- [    Test worker] o.s.t.web.servlet.TestDispatcherServlet  : Completed initialization in 11 ms
2022-01-07 00:38:29.242  INFO 4936 --- [    Test worker] c.s.springboot.web.HelloControllerTest   : Started HelloControllerTest in 1.885 seconds (JVM running for 3.181)
]]></system-out>
  <system-err><![CDATA[]]></system-err>
</testsuite>
