<?xml version="1.0" encoding="UTF-8"?>
<testsuite name="com.study.springboot.web.PostsApiControllerTest" tests="3" skipped="0" failures="0" errors="0" timestamp="2022-01-06T08:29:03" hostname="DESKTOP-R7KIIJG" time="0.544">
  <properties/>
  <testcase name="Posts_Insert" classname="com.study.springboot.web.PostsApiControllerTest" time="0.502"/>
  <testcase name="Posts_update" classname="com.study.springboot.web.PostsApiControllerTest" time="0.029"/>
  <testcase name="BaseTimeEntity_Insert" classname="com.study.springboot.web.PostsApiControllerTest" time="0.012"/>
  <system-out><![CDATA[2022-01-06 17:28:58.597  INFO 23480 --- [    Test worker] .b.t.c.SpringBootTestContextBootstrapper : Neither @ContextConfiguration nor @ContextHierarchy found for test class [com.study.springboot.web.PostsApiControllerTest], using SpringBootContextLoader
2022-01-06 17:28:58.598  INFO 23480 --- [    Test worker] o.s.t.c.support.AbstractContextLoader    : Could not detect default resource locations for test class [com.study.springboot.web.PostsApiControllerTest]: no resource found for suffixes {-context.xml, Context.groovy}.
2022-01-06 17:28:58.598  INFO 23480 --- [    Test worker] t.c.s.AnnotationConfigContextLoaderUtils : Could not detect default configuration classes for test class [com.study.springboot.web.PostsApiControllerTest]: PostsApiControllerTest does not declare any static, non-private, non-final, nested classes annotated with @Configuration.
2022-01-06 17:28:58.600  INFO 23480 --- [    Test worker] .b.t.c.SpringBootTestContextBootstrapper : Found @SpringBootConfiguration com.study.springboot.Application for test class com.study.springboot.web.PostsApiControllerTest
2022-01-06 17:28:58.602  INFO 23480 --- [    Test worker] .b.t.c.SpringBootTestContextBootstrapper : Loaded default TestExecutionListener class names from location [META-INF/spring.factories]: [org.springframework.security.test.context.support.WithSecurityContextTestExecutionListener, org.springframework.security.test.context.support.ReactorContextTestExecutionListener, org.springframework.boot.test.autoconfigure.restdocs.RestDocsTestExecutionListener, org.springframework.boot.test.autoconfigure.web.client.MockRestServiceServerResetTestExecutionListener, org.springframework.boot.test.autoconfigure.web.servlet.MockMvcPrintOnlyOnFailureTestExecutionListener, org.springframework.boot.test.autoconfigure.web.servlet.WebDriverTestExecutionListener, org.springframework.boot.test.mock.mockito.MockitoTestExecutionListener, org.springframework.boot.test.mock.mockito.ResetMocksTestExecutionListener, org.springframework.test.context.web.ServletTestExecutionListener, org.springframework.test.context.support.DirtiesContextBeforeModesTestExecutionListener, org.springframework.test.context.support.DependencyInjectionTestExecutionListener, org.springframework.test.context.support.DirtiesContextTestExecutionListener, org.springframework.test.context.transaction.TransactionalTestExecutionListener, org.springframework.test.context.jdbc.SqlScriptsTestExecutionListener]
2022-01-06 17:28:58.603  INFO 23480 --- [    Test worker] .b.t.c.SpringBootTestContextBootstrapper : Using TestExecutionListeners: [org.springframework.test.context.web.ServletTestExecutionListener@4352d978, org.springframework.test.context.support.DirtiesContextBeforeModesTestExecutionListener@4bf65d71, org.springframework.boot.test.mock.mockito.MockitoTestExecutionListener@136cd67, org.springframework.boot.test.autoconfigure.SpringBootDependencyInjectionTestExecutionListener@792284d5, org.springframework.test.context.support.DirtiesContextTestExecutionListener@2cee1b90, org.springframework.test.context.transaction.TransactionalTestExecutionListener@550ac6a9, org.springframework.test.context.jdbc.SqlScriptsTestExecutionListener@6260649a, org.springframework.security.test.context.support.WithSecurityContextTestExecutionListener@f89402f, org.springframework.security.test.context.support.ReactorContextTestExecutionListener@5367f8d5, org.springframework.boot.test.autoconfigure.restdocs.RestDocsTestExecutionListener@505b439e, org.springframework.boot.test.autoconfigure.web.client.MockRestServiceServerResetTestExecutionListener@317eb9bb, org.springframework.boot.test.autoconfigure.web.servlet.MockMvcPrintOnlyOnFailureTestExecutionListener@74330f83, org.springframework.boot.test.autoconfigure.web.servlet.WebDriverTestExecutionListener@18fee080, org.springframework.boot.test.mock.mockito.ResetMocksTestExecutionListener@123307b2]

  .   ____          _            __ _ _
 /\\ / ___'_ __ _ _(_)_ __  __ _ \ \ \ \
( ( )\___ | '_ | '_| | '_ \/ _` | \ \ \ \
 \\/  ___)| |_)| | | | | || (_| |  ) ) ) )
  '  |____| .__|_| |_|_| |_\__, | / / / /
 =========|_|==============|___/=/_/_/_/
 :: Spring Boot ::        (v2.1.9.RELEASE)

2022-01-06 17:28:58.642  INFO 23480 --- [    Test worker] c.s.s.web.PostsApiControllerTest         : Starting PostsApiControllerTest on DESKTOP-R7KIIJG with PID 23480 (started by user in C:\study)
2022-01-06 17:28:58.643  INFO 23480 --- [    Test worker] c.s.s.web.PostsApiControllerTest         : The following profiles are active: oauth
2022-01-06 17:28:58.961  INFO 23480 --- [    Test worker] .s.d.r.c.RepositoryConfigurationDelegate : Bootstrapping Spring Data repositories in DEFAULT mode.
2022-01-06 17:28:59.029  INFO 23480 --- [    Test worker] .s.d.r.c.RepositoryConfigurationDelegate : Finished Spring Data repository scanning in 59ms. Found 2 repository interfaces.
2022-01-06 17:28:59.349  INFO 23480 --- [    Test worker] trationDelegate$BeanPostProcessorChecker : Bean 'org.springframework.transaction.annotation.ProxyTransactionManagementConfiguration' of type [org.springframework.transaction.annotation.ProxyTransactionManagementConfiguration$$EnhancerBySpringCGLIB$$c47c4483] is not eligible for getting processed by all BeanPostProcessors (for example: not eligible for auto-proxying)
2022-01-06 17:28:59.727  INFO 23480 --- [    Test worker] o.s.b.w.embedded.tomcat.TomcatWebServer  : Tomcat initialized with port(s): 0 (http)
2022-01-06 17:28:59.755  INFO 23480 --- [    Test worker] o.apache.catalina.core.StandardService   : Starting service [Tomcat]
2022-01-06 17:28:59.756  INFO 23480 --- [    Test worker] org.apache.catalina.core.StandardEngine  : Starting Servlet engine: [Apache Tomcat/9.0.26]
2022-01-06 17:28:59.910  INFO 23480 --- [    Test worker] o.a.c.c.C.[Tomcat].[localhost].[/]       : Initializing Spring embedded WebApplicationContext
2022-01-06 17:28:59.910  INFO 23480 --- [    Test worker] o.s.web.context.ContextLoader            : Root WebApplicationContext: initialization completed in 1264 ms
2022-01-06 17:29:00.206  INFO 23480 --- [    Test worker] com.zaxxer.hikari.HikariDataSource       : HikariPool-1 - Starting...
2022-01-06 17:29:00.379  INFO 23480 --- [    Test worker] com.zaxxer.hikari.HikariDataSource       : HikariPool-1 - Start completed.
2022-01-06 17:29:00.492  INFO 23480 --- [    Test worker] o.hibernate.jpa.internal.util.LogHelper  : HHH000204: Processing PersistenceUnitInfo [
	name: default
	...]
2022-01-06 17:29:00.591  INFO 23480 --- [    Test worker] org.hibernate.Version                    : HHH000412: Hibernate Core {5.3.12.Final}
2022-01-06 17:29:00.593  INFO 23480 --- [    Test worker] org.hibernate.cfg.Environment            : HHH000206: hibernate.properties not found
2022-01-06 17:29:00.769  INFO 23480 --- [    Test worker] o.hibernate.annotations.common.Version   : HCANN000001: Hibernate Commons Annotations {5.0.4.Final}
2022-01-06 17:29:00.933  INFO 23480 --- [    Test worker] org.hibernate.dialect.Dialect            : HHH000400: Using dialect: org.hibernate.dialect.MySQL5InnoDBDialect
Hibernate: drop table if exists posts
Hibernate: drop table if exists user
Hibernate: create table posts (id bigint not null auto_increment, created_date datetime, modified_date datetime, author varchar(255), content TEXT not null, title varchar(500) not null, primary key (id)) engine=InnoDB
Hibernate: create table user (id bigint not null auto_increment, created_date datetime, modified_date datetime, email varchar(255) not null, name varchar(255) not null, picture varchar(255), role varchar(255) not null, primary key (id)) engine=InnoDB
2022-01-06 17:29:01.696  INFO 23480 --- [    Test worker] o.h.t.schema.internal.SchemaCreatorImpl  : HHH000476: Executing import script 'org.hibernate.tool.schema.internal.exec.ScriptSourceInputNonExistentImpl@32f0489e'
2022-01-06 17:29:01.699  INFO 23480 --- [    Test worker] j.LocalContainerEntityManagerFactoryBean : Initialized JPA EntityManagerFactory for persistence unit 'default'
2022-01-06 17:29:02.502  INFO 23480 --- [    Test worker] o.h.h.i.QueryTranslatorFactoryInitiator  : HHH000397: Using ASTQueryTranslatorFactory
2022-01-06 17:29:02.955  INFO 23480 --- [    Test worker] o.s.s.web.DefaultSecurityFilterChain     : Creating filter chain: any request, [org.springframework.security.web.context.request.async.WebAsyncManagerIntegrationFilter@1fa8bc45, org.springframework.security.web.context.SecurityContextPersistenceFilter@4b9632ad, org.springframework.security.web.header.HeaderWriterFilter@2e516300, org.springframework.security.web.authentication.logout.LogoutFilter@69c02f96, org.springframework.security.oauth2.client.web.OAuth2AuthorizationRequestRedirectFilter@7f3212c4, org.springframework.security.oauth2.client.web.OAuth2LoginAuthenticationFilter@3e6224f9, org.springframework.security.web.authentication.ui.DefaultLoginPageGeneratingFilter@640f2991, org.springframework.security.web.authentication.ui.DefaultLogoutPageGeneratingFilter@25cb271f, org.springframework.security.web.savedrequest.RequestCacheAwareFilter@4d823932, org.springframework.security.web.servletapi.SecurityContextHolderAwareRequestFilter@44a1bb8b, org.springframework.security.web.authentication.AnonymousAuthenticationFilter@4ef7a412, org.springframework.security.web.session.SessionManagementFilter@4c15abbc, org.springframework.security.web.access.ExceptionTranslationFilter@1d78c4ed, org.springframework.security.web.access.intercept.FilterSecurityInterceptor@40a0c650]
2022-01-06 17:29:03.319  INFO 23480 --- [    Test worker] o.s.s.concurrent.ThreadPoolTaskExecutor  : Initializing ExecutorService 'applicationTaskExecutor'
2022-01-06 17:29:03.375  WARN 23480 --- [    Test worker] aWebConfiguration$JpaWebMvcConfiguration : spring.jpa.open-in-view is enabled by default. Therefore, database queries may be performed during view rendering. Explicitly configure spring.jpa.open-in-view to disable this warning
2022-01-06 17:29:03.432  INFO 23480 --- [    Test worker] o.s.b.a.w.s.WelcomePageHandlerMapping    : Adding welcome page template: index
2022-01-06 17:29:03.826  INFO 23480 --- [    Test worker] s.a.ScheduledAnnotationBeanPostProcessor : No TaskScheduler/ScheduledExecutorService bean found for scheduled processing
2022-01-06 17:29:03.856  INFO 23480 --- [    Test worker] o.s.b.w.embedded.tomcat.TomcatWebServer  : Tomcat started on port(s): 60309 (http) with context path ''
2022-01-06 17:29:03.857  INFO 23480 --- [    Test worker] c.s.s.web.PostsApiControllerTest         : Started PostsApiControllerTest in 5.252 seconds (JVM running for 8.621)
2022-01-06 17:29:03.945  INFO 23480 --- [    Test worker] o.a.c.c.C.[Tomcat].[localhost].[/]       : Initializing Spring TestDispatcherServlet ''
2022-01-06 17:29:03.945  INFO 23480 --- [    Test worker] o.s.t.web.servlet.TestDispatcherServlet  : Initializing Servlet ''
2022-01-06 17:29:03.963  INFO 23480 --- [    Test worker] o.s.t.web.servlet.TestDispatcherServlet  : Completed initialization in 18 ms
Hibernate: insert into posts (created_date, modified_date, author, content, title) values (?, ?, ?, ?, ?)
Hibernate: select posts0_.id as id1_0_, posts0_.created_date as created_2_0_, posts0_.modified_date as modified3_0_, posts0_.author as author4_0_, posts0_.content as content5_0_, posts0_.title as title6_0_ from posts posts0_
Hibernate: select posts0_.id as id1_0_, posts0_.created_date as created_2_0_, posts0_.modified_date as modified3_0_, posts0_.author as author4_0_, posts0_.content as content5_0_, posts0_.title as title6_0_ from posts posts0_
Hibernate: delete from posts where id=?
2022-01-06 17:29:04.372  INFO 23480 --- [    Test worker] o.a.c.c.C.[Tomcat].[localhost].[/]       : Initializing Spring TestDispatcherServlet ''
2022-01-06 17:29:04.372  INFO 23480 --- [    Test worker] o.s.t.web.servlet.TestDispatcherServlet  : Initializing Servlet ''
2022-01-06 17:29:04.373  INFO 23480 --- [    Test worker] o.s.t.web.servlet.TestDispatcherServlet  : Completed initialization in 1 ms
Hibernate: insert into posts (created_date, modified_date, author, content, title) values (?, ?, ?, ?, ?)
Hibernate: select posts0_.id as id1_0_0_, posts0_.created_date as created_2_0_0_, posts0_.modified_date as modified3_0_0_, posts0_.author as author4_0_0_, posts0_.content as content5_0_0_, posts0_.title as title6_0_0_ from posts posts0_ where posts0_.id=?
Hibernate: update posts set created_date=?, modified_date=?, author=?, content=?, title=? where id=?
Hibernate: select posts0_.id as id1_0_, posts0_.created_date as created_2_0_, posts0_.modified_date as modified3_0_, posts0_.author as author4_0_, posts0_.content as content5_0_, posts0_.title as title6_0_ from posts posts0_
Hibernate: select posts0_.id as id1_0_, posts0_.created_date as created_2_0_, posts0_.modified_date as modified3_0_, posts0_.author as author4_0_, posts0_.content as content5_0_, posts0_.title as title6_0_ from posts posts0_
Hibernate: delete from posts where id=?
2022-01-06 17:29:04.401  INFO 23480 --- [    Test worker] o.a.c.c.C.[Tomcat].[localhost].[/]       : Initializing Spring TestDispatcherServlet ''
2022-01-06 17:29:04.401  INFO 23480 --- [    Test worker] o.s.t.web.servlet.TestDispatcherServlet  : Initializing Servlet ''
2022-01-06 17:29:04.403  INFO 23480 --- [    Test worker] o.s.t.web.servlet.TestDispatcherServlet  : Completed initialization in 2 ms
Hibernate: insert into posts (created_date, modified_date, author, content, title) values (?, ?, ?, ?, ?)
Hibernate: select posts0_.id as id1_0_, posts0_.created_date as created_2_0_, posts0_.modified_date as modified3_0_, posts0_.author as author4_0_, posts0_.content as content5_0_, posts0_.title as title6_0_ from posts posts0_
>>>>>>>> createDate = 2022-01-06T17:29:04.405, modifiedDate = 2022-01-06T17:29:04.405
Hibernate: select posts0_.id as id1_0_, posts0_.created_date as created_2_0_, posts0_.modified_date as modified3_0_, posts0_.author as author4_0_, posts0_.content as content5_0_, posts0_.title as title6_0_ from posts posts0_
Hibernate: delete from posts where id=?
]]></system-out>
  <system-err><![CDATA[]]></system-err>
</testsuite>
