<?xml version="1.0" encoding="UTF-8"?>
<testsuite name="com.study.springboot.domain.posts.PostsRepositoryTest" tests="1" skipped="0" failures="0" errors="0" timestamp="2022-01-06T08:29:05" hostname="DESKTOP-R7KIIJG" time="0.016">
  <properties/>
  <testcase name="PostsRepositoryCall" classname="com.study.springboot.domain.posts.PostsRepositoryTest" time="0.016"/>
  <system-out><![CDATA[2022-01-06 17:29:04.413  INFO 23480 --- [    Test worker] .b.t.c.SpringBootTestContextBootstrapper : Neither @ContextConfiguration nor @ContextHierarchy found for test class [com.study.springboot.domain.posts.PostsRepositoryTest], using SpringBootContextLoader
2022-01-06 17:29:04.414  INFO 23480 --- [    Test worker] o.s.t.c.support.AbstractContextLoader    : Could not detect default resource locations for test class [com.study.springboot.domain.posts.PostsRepositoryTest]: no resource found for suffixes {-context.xml, Context.groovy}.
2022-01-06 17:29:04.414  INFO 23480 --- [    Test worker] t.c.s.AnnotationConfigContextLoaderUtils : Could not detect default configuration classes for test class [com.study.springboot.domain.posts.PostsRepositoryTest]: PostsRepositoryTest does not declare any static, non-private, non-final, nested classes annotated with @Configuration.
2022-01-06 17:29:04.422  INFO 23480 --- [    Test worker] .b.t.c.SpringBootTestContextBootstrapper : Found @SpringBootConfiguration com.study.springboot.Application for test class com.study.springboot.domain.posts.PostsRepositoryTest
2022-01-06 17:29:04.424  INFO 23480 --- [    Test worker] .b.t.c.SpringBootTestContextBootstrapper : Loaded default TestExecutionListener class names from location [META-INF/spring.factories]: [org.springframework.security.test.context.support.WithSecurityContextTestExecutionListener, org.springframework.security.test.context.support.ReactorContextTestExecutionListener, org.springframework.boot.test.autoconfigure.restdocs.RestDocsTestExecutionListener, org.springframework.boot.test.autoconfigure.web.client.MockRestServiceServerResetTestExecutionListener, org.springframework.boot.test.autoconfigure.web.servlet.MockMvcPrintOnlyOnFailureTestExecutionListener, org.springframework.boot.test.autoconfigure.web.servlet.WebDriverTestExecutionListener, org.springframework.boot.test.mock.mockito.MockitoTestExecutionListener, org.springframework.boot.test.mock.mockito.ResetMocksTestExecutionListener, org.springframework.test.context.web.ServletTestExecutionListener, org.springframework.test.context.support.DirtiesContextBeforeModesTestExecutionListener, org.springframework.test.context.support.DependencyInjectionTestExecutionListener, org.springframework.test.context.support.DirtiesContextTestExecutionListener, org.springframework.test.context.transaction.TransactionalTestExecutionListener, org.springframework.test.context.jdbc.SqlScriptsTestExecutionListener]
2022-01-06 17:29:04.425  INFO 23480 --- [    Test worker] .b.t.c.SpringBootTestContextBootstrapper : Using TestExecutionListeners: [org.springframework.test.context.web.ServletTestExecutionListener@377f9b5e, org.springframework.test.context.support.DirtiesContextBeforeModesTestExecutionListener@7400b1de, org.springframework.boot.test.mock.mockito.MockitoTestExecutionListener@373a768e, org.springframework.boot.test.autoconfigure.SpringBootDependencyInjectionTestExecutionListener@50111093, org.springframework.test.context.support.DirtiesContextTestExecutionListener@1bffc4a4, org.springframework.test.context.transaction.TransactionalTestExecutionListener@6a801844, org.springframework.test.context.jdbc.SqlScriptsTestExecutionListener@e6a9d9c, org.springframework.security.test.context.support.WithSecurityContextTestExecutionListener@56a7814a, org.springframework.security.test.context.support.ReactorContextTestExecutionListener@3318b5de, org.springframework.boot.test.autoconfigure.restdocs.RestDocsTestExecutionListener@5930c9c1, org.springframework.boot.test.autoconfigure.web.client.MockRestServiceServerResetTestExecutionListener@3ec3906, org.springframework.boot.test.autoconfigure.web.servlet.MockMvcPrintOnlyOnFailureTestExecutionListener@692b45e0, org.springframework.boot.test.autoconfigure.web.servlet.WebDriverTestExecutionListener@1f6bbb5e, org.springframework.boot.test.mock.mockito.ResetMocksTestExecutionListener@40ca17b3]

  .   ____          _            __ _ _
 /\\ / ___'_ __ _ _(_)_ __  __ _ \ \ \ \
( ( )\___ | '_ | '_| | '_ \/ _` | \ \ \ \
 \\/  ___)| |_)| | | | | || (_| |  ) ) ) )
  '  |____| .__|_| |_|_| |_\__, | / / / /
 =========|_|==============|___/=/_/_/_/
 :: Spring Boot ::        (v2.1.9.RELEASE)

2022-01-06 17:29:04.461  INFO 23480 --- [    Test worker] c.s.s.domain.posts.PostsRepositoryTest   : Starting PostsRepositoryTest on DESKTOP-R7KIIJG with PID 23480 (started by user in C:\study)
2022-01-06 17:29:04.462  INFO 23480 --- [    Test worker] c.s.s.domain.posts.PostsRepositoryTest   : The following profiles are active: oauth
2022-01-06 17:29:04.650  INFO 23480 --- [    Test worker] .s.d.r.c.RepositoryConfigurationDelegate : Bootstrapping Spring Data repositories in DEFAULT mode.
2022-01-06 17:29:04.674  INFO 23480 --- [    Test worker] .s.d.r.c.RepositoryConfigurationDelegate : Finished Spring Data repository scanning in 24ms. Found 2 repository interfaces.
2022-01-06 17:29:04.767  INFO 23480 --- [    Test worker] trationDelegate$BeanPostProcessorChecker : Bean 'org.springframework.transaction.annotation.ProxyTransactionManagementConfiguration' of type [org.springframework.transaction.annotation.ProxyTransactionManagementConfiguration$$EnhancerBySpringCGLIB$$c47c4483] is not eligible for getting processed by all BeanPostProcessors (for example: not eligible for auto-proxying)
2022-01-06 17:29:04.853  INFO 23480 --- [    Test worker] com.zaxxer.hikari.HikariDataSource       : HikariPool-2 - Starting...
2022-01-06 17:29:04.854  INFO 23480 --- [    Test worker] com.zaxxer.hikari.HikariDataSource       : HikariPool-2 - Start completed.
2022-01-06 17:29:04.883  INFO 23480 --- [    Test worker] o.hibernate.jpa.internal.util.LogHelper  : HHH000204: Processing PersistenceUnitInfo [
	name: default
	...]
2022-01-06 17:29:04.891  INFO 23480 --- [    Test worker] org.hibernate.dialect.Dialect            : HHH000400: Using dialect: org.hibernate.dialect.MySQL5InnoDBDialect
Hibernate: drop table if exists posts
Hibernate: drop table if exists user
Hibernate: create table posts (id bigint not null auto_increment, created_date datetime, modified_date datetime, author varchar(255), content TEXT not null, title varchar(500) not null, primary key (id)) engine=InnoDB
Hibernate: create table user (id bigint not null auto_increment, created_date datetime, modified_date datetime, email varchar(255) not null, name varchar(255) not null, picture varchar(255), role varchar(255) not null, primary key (id)) engine=InnoDB
2022-01-06 17:29:04.933  INFO 23480 --- [    Test worker] o.h.t.schema.internal.SchemaCreatorImpl  : HHH000476: Executing import script 'org.hibernate.tool.schema.internal.exec.ScriptSourceInputNonExistentImpl@32f0489e'
2022-01-06 17:29:04.934  INFO 23480 --- [    Test worker] j.LocalContainerEntityManagerFactoryBean : Initialized JPA EntityManagerFactory for persistence unit 'default'
2022-01-06 17:29:05.117  INFO 23480 --- [    Test worker] o.h.h.i.QueryTranslatorFactoryInitiator  : HHH000397: Using ASTQueryTranslatorFactory
2022-01-06 17:29:05.263  INFO 23480 --- [    Test worker] o.s.s.web.DefaultSecurityFilterChain     : Creating filter chain: any request, [org.springframework.security.web.context.request.async.WebAsyncManagerIntegrationFilter@5e28e61e, org.springframework.security.web.context.SecurityContextPersistenceFilter@1baffa72, org.springframework.security.web.header.HeaderWriterFilter@5511db18, org.springframework.security.web.authentication.logout.LogoutFilter@3b438c34, org.springframework.security.oauth2.client.web.OAuth2AuthorizationRequestRedirectFilter@5fdb7651, org.springframework.security.oauth2.client.web.OAuth2LoginAuthenticationFilter@669dedb3, org.springframework.security.web.authentication.ui.DefaultLoginPageGeneratingFilter@5fdb91d7, org.springframework.security.web.authentication.ui.DefaultLogoutPageGeneratingFilter@4f5a1ce8, org.springframework.security.web.savedrequest.RequestCacheAwareFilter@56bf8710, org.springframework.security.web.servletapi.SecurityContextHolderAwareRequestFilter@dad4fc4, org.springframework.security.web.authentication.AnonymousAuthenticationFilter@4bb792ac, org.springframework.security.web.session.SessionManagementFilter@22be135d, org.springframework.security.web.access.ExceptionTranslationFilter@6dc41324, org.springframework.security.web.access.intercept.FilterSecurityInterceptor@1321a21]
2022-01-06 17:29:05.533  INFO 23480 --- [    Test worker] o.s.s.concurrent.ThreadPoolTaskExecutor  : Initializing ExecutorService 'applicationTaskExecutor'
2022-01-06 17:29:05.546  WARN 23480 --- [    Test worker] aWebConfiguration$JpaWebMvcConfiguration : spring.jpa.open-in-view is enabled by default. Therefore, database queries may be performed during view rendering. Explicitly configure spring.jpa.open-in-view to disable this warning
2022-01-06 17:29:05.576  INFO 23480 --- [    Test worker] o.s.b.a.w.s.WelcomePageHandlerMapping    : Adding welcome page template: index
2022-01-06 17:29:05.900  INFO 23480 --- [    Test worker] s.a.ScheduledAnnotationBeanPostProcessor : No TaskScheduler/ScheduledExecutorService bean found for scheduled processing
2022-01-06 17:29:05.901  INFO 23480 --- [    Test worker] c.s.s.domain.posts.PostsRepositoryTest   : Started PostsRepositoryTest in 1.475 seconds (JVM running for 10.665)
Hibernate: insert into posts (created_date, modified_date, author, content, title) values (?, ?, ?, ?, ?)
Hibernate: select posts0_.id as id1_0_, posts0_.created_date as created_2_0_, posts0_.modified_date as modified3_0_, posts0_.author as author4_0_, posts0_.content as content5_0_, posts0_.title as title6_0_ from posts posts0_
Hibernate: select posts0_.id as id1_0_, posts0_.created_date as created_2_0_, posts0_.modified_date as modified3_0_, posts0_.author as author4_0_, posts0_.content as content5_0_, posts0_.title as title6_0_ from posts posts0_
Hibernate: delete from posts where id=?
]]></system-out>
  <system-err><![CDATA[]]></system-err>
</testsuite>
